<?xml version="1.0" encoding="UTF-8"?>
<testsuite xmlns:xsi="http://www.w3.org/2001/XMLSchema-instance" xsi:noNamespaceSchemaLocation="https://maven.apache.org/surefire/maven-surefire-plugin/xsd/surefire-test-report.xsd" name="uk.uoa.cs.princSwEng.test.JWebUnitTest" time="4.627" tests="2" errors="0" skipped="0" failures="0">
  <properties>
[...]
</properties>
  <testcase name="testIndexPage" classname="uk.uoa.cs.princSwEng.test.JWebUnitTest" time="4.535"/>
  <testcase name="foo" classname="uk.uoa.cs.princSwEng.test.JWebUnitTest" time="0"/>
</testsuite>